{"C:\\Users\\sdieg\\OneDrive\\Desktop\\DiegoUCV\\Cursos\\Proyectos\\CursoNode\\02-Bases\\src\\js-foundation\\06-promises.ts": {"path":"C:\\Users\\sdieg\\OneDrive\\Desktop\\DiegoUCV\\Cursos\\Proyectos\\CursoNode\\02-Bases\\src\\js-foundation\\06-promises.ts","all":false,"statementMap":{"0":{"start":{"line":1,"column":0},"end":{"line":1,"column":71}},"1":{"start":{"line":2,"column":0},"end":{"line":2,"column":74}},"2":{"start":{"line":3,"column":0},"end":{"line":3,"column":9}},"3":{"start":{"line":4,"column":0},"end":{"line":4,"column":62}},"4":{"start":{"line":5,"column":0},"end":{"line":5,"column":44}},"5":{"start":{"line":6,"column":0},"end":{"line":6,"column":28}},"6":{"start":{"line":7,"column":0},"end":{"line":7,"column":21}},"7":{"start":{"line":8,"column":0},"end":{"line":8,"column":47}},"8":{"start":{"line":9,"column":0},"end":{"line":9,"column":5}},"9":{"start":{"line":10,"column":0},"end":{"line":10,"column":1}}},"s":{"0":1,"1":1,"2":2,"3":2,"4":2,"5":1,"6":1,"7":1,"8":1,"9":2},"branchMap":{"0":{"type":"branch","line":2,"loc":{"start":{"line":2,"column":30},"end":{"line":10,"column":1}},"locations":[{"start":{"line":2,"column":30},"end":{"line":10,"column":1}}]},"1":{"type":"branch","line":2,"loc":{"start":{"line":2,"column":72},"end":{"line":10,"column":1}},"locations":[{"start":{"line":2,"column":72},"end":{"line":10,"column":1}}]},"2":{"type":"branch","line":6,"loc":{"start":{"line":6,"column":-2},"end":{"line":9,"column":5}},"locations":[{"start":{"line":6,"column":-2},"end":{"line":9,"column":5}}]}},"b":{"0":[2],"1":[2],"2":[1]},"fnMap":{"0":{"name":"getPokemonById","decl":{"start":{"line":2,"column":30},"end":{"line":10,"column":1}},"loc":{"start":{"line":2,"column":30},"end":{"line":10,"column":1}},"line":2}},"f":{"0":2}}
}
